<?xml version="1.0" encoding="UTF-8"?>
<!-- Generated by org.testng.reporters.JUnitReportReporter -->
<testsuite hostname="Muhammads-MacBook-Pro-2.local" failures="0" tests="2" name="Runners.Run" time="16.460" errors="0" timestamp="2023-03-22T15:14:21 WIB" skipped="0">
  <testcase classname="Runners.Run" name="runScenario" time="7.337"/>
  <system-out/>
  <testcase classname="Runners.Run" name="runScenario" time="9.123"/>
  <system-out/>
</testsuite> <!-- Runners.Run -->
