<?xml version="1.0" encoding="UTF-8"?>
<!-- Generated by org.testng.reporters.JUnitReportReporter -->
<testsuite hostname="Muhammads-MacBook-Pro-2.local" failures="0" tests="1" name="Runners.Run" time="4.668" errors="0" timestamp="2023-03-22T21:18:45 WIB" skipped="0">
  <testcase classname="Runners.Run" name="runScenario" time="4.668"/>
  <system-out/>
</testsuite> <!-- Runners.Run -->
