<?xml version="1.0" encoding="UTF-8"?>
<!-- Generated by org.testng.reporters.JUnitReportReporter -->
<testsuite hostname="Muhammads-MacBook-Pro-2.local" failures="0" tests="1" name="Runners.Run" time="0.172" errors="1" timestamp="2023-03-23T19:58:06 WIB" skipped="0">
  <testcase classname="Runners.Run" name="runScenario" time="0.172">
    <error message="The driver executable must exist: /Users/muhammadriduwan4747/Documents/learn-unit-test/maven-bdd-selenium/linuxchromedriver" type="java.lang.IllegalStateException">
      <![CDATA[java.lang.IllegalStateException: The driver executable must exist: /Users/muhammadriduwan4747/Documents/learn-unit-test/maven-bdd-selenium/linuxchromedriver
at org.openqa.selenium.internal.Require$FileStateChecker.isFile(Require.java:345)
at org.openqa.selenium.remote.service.DriverService.checkExecutable(DriverService.java:161)
at org.openqa.selenium.remote.service.DriverService.findExecutable(DriverService.java:156)
at org.openqa.selenium.chrome.ChromeDriverService.access$000(ChromeDriverService.java:42)
at org.openqa.selenium.chrome.ChromeDriverService$Builder.findDefaultExecutable(ChromeDriverService.java:315)
at org.openqa.selenium.remote.service.DriverService$Builder.build(DriverService.java:456)
at org.openqa.selenium.chrome.ChromeDriverService.createServiceWithConfig(ChromeDriverService.java:165)
at org.openqa.selenium.chrome.ChromeDriver.<init>(ChromeDriver.java:71)
at StepDefinitions.Steps.setup(Steps.java:19)
]]>
    </error>
  </testcase> <!-- runScenario -->
  <system-out/>
</testsuite> <!-- Runners.Run -->
