<?xml version="1.0" encoding="UTF-8"?>
<!-- Generated by org.testng.reporters.JUnitReportReporter -->
<testsuite hostname="Muhammads-MacBook-Pro-2.local" failures="0" tests="1" name="Runners.Run" time="0.117" errors="0" timestamp="2023-03-23T17:11:22 WIB" skipped="0">
  <testcase classname="Runners.Run" name="runScenario" time="0.117"/>
  <system-out/>
</testsuite> <!-- Runners.Run -->
