<?xml version="1.0" encoding="UTF-8"?>
<!-- Generated by org.testng.reporters.JUnitReportReporter -->
<testsuite hostname="Muhammads-MacBook-Pro-2.local" failures="0" tests="1" name="Runners.Run" time="9.019" errors="0" timestamp="2023-03-22T13:23:08 WIB" skipped="0">
  <testcase classname="Runners.Run" name="runScenario" time="9.019"/>
  <system-out/>
</testsuite> <!-- Runners.Run -->
